0 info it worked if it ends with ok
1 verbose cli [ '/usr/local/Cellar/nvm/0.25.4/versions/node/v4.2.2/bin/node',
1 verbose cli   '/usr/local/opt/nvm/versions/node/v4.2.2/bin/npm',
1 verbose cli   'run',
1 verbose cli   'publish' ]
2 info using npm@3.5.3
3 info using node@v4.2.2
4 verbose run-script [ 'prepublish', 'publish', 'postpublish' ]
5 info lifecycle cinematic-system@0.0.1~prepublish: cinematic-system@0.0.1
6 verbose lifecycle cinematic-system@0.0.1~prepublish: unsafe-perm in lifecycle true
7 verbose lifecycle cinematic-system@0.0.1~prepublish: PATH: /usr/local/Cellar/nvm/0.25.4/versions/node/v4.2.2/lib/node_modules/npm/bin/node-gyp-bin:/Users/jtl4383/dev/cinematic-system/node_modules/.bin:/Users/jtl4383/dev/cocos2d-x/templates:/Users/jtl4383/dev:/Users/jtl4383/dev/cocos2d-x/tools/cocos2d-console/bin:/usr/local/opt/nvm/versions/node/v4.2.2/bin:/usr/local/bin:/usr/bin:/bin:/usr/sbin:/sbin:/opt/X11/bin
8 verbose lifecycle cinematic-system@0.0.1~prepublish: CWD: /Users/jtl4383/dev/cinematic-system
9 silly lifecycle cinematic-system@0.0.1~prepublish: Args: [ '-c', 'gulp prepublish' ]
10 silly lifecycle cinematic-system@0.0.1~prepublish: Returned: code: 0  signal: null
11 info lifecycle cinematic-system@0.0.1~publish: cinematic-system@0.0.1
12 verbose lifecycle cinematic-system@0.0.1~publish: unsafe-perm in lifecycle true
13 verbose lifecycle cinematic-system@0.0.1~publish: PATH: /usr/local/Cellar/nvm/0.25.4/versions/node/v4.2.2/lib/node_modules/npm/bin/node-gyp-bin:/Users/jtl4383/dev/cinematic-system/node_modules/.bin:/Users/jtl4383/dev/cocos2d-x/templates:/Users/jtl4383/dev:/Users/jtl4383/dev/cocos2d-x/tools/cocos2d-console/bin:/usr/local/opt/nvm/versions/node/v4.2.2/bin:/usr/local/bin:/usr/bin:/bin:/usr/sbin:/sbin:/opt/X11/bin
14 verbose lifecycle cinematic-system@0.0.1~publish: CWD: /Users/jtl4383/dev/cinematic-system
15 silly lifecycle cinematic-system@0.0.1~publish: Args: [ '-c',
15 silly lifecycle   'npm version patch && npm publish && git push --follow-tags' ]
16 silly lifecycle cinematic-system@0.0.1~publish: Returned: code: 1  signal: null
17 info lifecycle cinematic-system@0.0.1~publish: Failed to exec publish script
18 verbose stack Error: cinematic-system@0.0.1 publish: `npm version patch && npm publish && git push --follow-tags`
18 verbose stack Exit status 1
18 verbose stack     at EventEmitter.<anonymous> (/usr/local/Cellar/nvm/0.25.4/versions/node/v4.2.2/lib/node_modules/npm/lib/utils/lifecycle.js:232:16)
18 verbose stack     at emitTwo (events.js:87:13)
18 verbose stack     at EventEmitter.emit (events.js:172:7)
18 verbose stack     at ChildProcess.<anonymous> (/usr/local/Cellar/nvm/0.25.4/versions/node/v4.2.2/lib/node_modules/npm/lib/utils/spawn.js:24:14)
18 verbose stack     at emitTwo (events.js:87:13)
18 verbose stack     at ChildProcess.emit (events.js:172:7)
18 verbose stack     at maybeClose (internal/child_process.js:818:16)
18 verbose stack     at Process.ChildProcess._handle.onexit (internal/child_process.js:211:5)
19 verbose pkgid cinematic-system@0.0.1
20 verbose cwd /Users/jtl4383/dev/cinematic-system
21 error Darwin 14.5.0
22 error argv "/usr/local/Cellar/nvm/0.25.4/versions/node/v4.2.2/bin/node" "/usr/local/opt/nvm/versions/node/v4.2.2/bin/npm" "run" "publish"
23 error node v4.2.2
24 error npm  v3.5.3
25 error code ELIFECYCLE
26 error cinematic-system@0.0.1 publish: `npm version patch && npm publish && git push --follow-tags`
26 error Exit status 1
27 error Failed at the cinematic-system@0.0.1 publish script 'npm version patch && npm publish && git push --follow-tags'.
27 error Make sure you have the latest version of node.js and npm installed.
27 error If you do, this is most likely a problem with the cinematic-system package,
27 error not with npm itself.
27 error Tell the author that this fails on your system:
27 error     npm version patch && npm publish && git push --follow-tags
27 error You can get information on how to open an issue for this project with:
27 error     npm bugs cinematic-system
27 error Or if that isn't available, you can get their info via:
27 error     npm owner ls cinematic-system
27 error There is likely additional logging output above.
28 verbose exit [ 1, true ]
